[2022-06-10 16:42:30,661] {manager.py:480} INFO - Processing files using up to 1 processes at a time 
[2022-06-10 16:42:30,661] {manager.py:481} INFO - Process each file at most once every 30 seconds
[2022-06-10 16:42:30,661] {manager.py:482} INFO - Checking for new files in /Users/germangerken/airflow/dags every 300 seconds
[2022-06-10 16:42:30,661] {manager.py:690} INFO - Searching for files in /Users/germangerken/airflow/dags
[2022-06-10 16:42:30,670] {manager.py:693} INFO - There are 34 files in /Users/germangerken/airflow/dags
[2022-06-10 16:42:31,081] {manager.py:809} INFO - 
================================================================================
DAG File Processing Stats

File Path                                                                                                                                            PID    Runtime      # DAGs    # Errors  Last Runtime    Last Run
---------------------------------------------------------------------------------------------------------------------------------------------------  -----  ---------  --------  ----------  --------------  -------------------
/Users/germangerken/PycharmProjects/CyberBrainExs/venv/lib/python3.10/site-packages/airflow/example_dags/example_latest_only.py                                               0           0
/Users/germangerken/PycharmProjects/CyberBrainExs/venv/lib/python3.10/site-packages/airflow/example_dags/example_local_kubernetes_executor.py                                 0           0
/Users/germangerken/PycharmProjects/CyberBrainExs/venv/lib/python3.10/site-packages/airflow/example_dags/example_task_group_decorator.py                                      0           0
/Users/germangerken/PycharmProjects/CyberBrainExs/venv/lib/python3.10/site-packages/airflow/example_dags/example_complex.py                                                   0           0
/Users/germangerken/PycharmProjects/CyberBrainExs/venv/lib/python3.10/site-packages/airflow/example_dags/example_python_operator.py                                           0           0
/Users/germangerken/PycharmProjects/CyberBrainExs/venv/lib/python3.10/site-packages/airflow/example_dags/tutorial_taskflow_api_etl.py                                         0           0
/Users/germangerken/PycharmProjects/CyberBrainExs/venv/lib/python3.10/site-packages/airflow/example_dags/example_external_task_marker_dag.py                                  0           0
/Users/germangerken/PycharmProjects/CyberBrainExs/venv/lib/python3.10/site-packages/airflow/example_dags/example_bash_operator.py                                             0           0
/Users/germangerken/PycharmProjects/CyberBrainExs/venv/lib/python3.10/site-packages/airflow/example_dags/example_short_circuit_operator.py                                    0           0
/Users/germangerken/PycharmProjects/CyberBrainExs/venv/lib/python3.10/site-packages/airflow/example_dags/example_branch_operator.py                                           0           0
/Users/germangerken/PycharmProjects/CyberBrainExs/venv/lib/python3.10/site-packages/airflow/example_dags/tutorial_etl_dag.py                                                  0           0
/Users/germangerken/PycharmProjects/CyberBrainExs/venv/lib/python3.10/site-packages/airflow/example_dags/example_branch_labels.py                                             0           0
/Users/germangerken/PycharmProjects/CyberBrainExs/venv/lib/python3.10/site-packages/airflow/example_dags/example_task_group.py                                                0           0
/Users/germangerken/PycharmProjects/CyberBrainExs/venv/lib/python3.10/site-packages/airflow/example_dags/tutorial_taskflow_api_etl_virtualenv.py                              0           0
/Users/germangerken/PycharmProjects/CyberBrainExs/venv/lib/python3.10/site-packages/airflow/example_dags/tutorial.py                                                          0           0
/Users/germangerken/PycharmProjects/CyberBrainExs/venv/lib/python3.10/site-packages/airflow/example_dags/example_sla_dag.py                                                   0           0
/Users/germangerken/PycharmProjects/CyberBrainExs/venv/lib/python3.10/site-packages/airflow/example_dags/example_passing_params_via_test_command.py                           0           0
/Users/germangerken/PycharmProjects/CyberBrainExs/venv/lib/python3.10/site-packages/airflow/example_dags/example_latest_only_with_trigger.py                                  0           0
/Users/germangerken/PycharmProjects/CyberBrainExs/venv/lib/python3.10/site-packages/airflow/example_dags/example_time_delta_sensor_async.py                                   0           0
/Users/germangerken/PycharmProjects/CyberBrainExs/venv/lib/python3.10/site-packages/airflow/example_dags/example_dag_decorator.py                                             0           0
/Users/germangerken/PycharmProjects/CyberBrainExs/venv/lib/python3.10/site-packages/airflow/example_dags/example_xcom.py                                                      0           0
/Users/germangerken/PycharmProjects/CyberBrainExs/venv/lib/python3.10/site-packages/airflow/example_dags/example_xcomargs.py                                                  0           0
/Users/germangerken/PycharmProjects/CyberBrainExs/venv/lib/python3.10/site-packages/airflow/example_dags/example_branch_operator_decorator.py                                 0           0
/Users/germangerken/PycharmProjects/CyberBrainExs/venv/lib/python3.10/site-packages/airflow/example_dags/example_branch_day_of_week_operator.py                               0           0
/Users/germangerken/PycharmProjects/CyberBrainExs/venv/lib/python3.10/site-packages/airflow/example_dags/example_skip_dag.py                                                  0           0
/Users/germangerken/PycharmProjects/CyberBrainExs/venv/lib/python3.10/site-packages/airflow/example_dags/example_trigger_target_dag.py                                        0           0
/Users/germangerken/PycharmProjects/CyberBrainExs/venv/lib/python3.10/site-packages/airflow/example_dags/example_kubernetes_executor.py                                       0           0
/Users/germangerken/PycharmProjects/CyberBrainExs/venv/lib/python3.10/site-packages/airflow/example_dags/example_branch_python_dop_operator_3.py                              0           0
/Users/germangerken/PycharmProjects/CyberBrainExs/venv/lib/python3.10/site-packages/airflow/example_dags/example_branch_datetime_operator.py                                  0           0
/Users/germangerken/PycharmProjects/CyberBrainExs/venv/lib/python3.10/site-packages/airflow/example_dags/example_nested_branch_dag.py                                         0           0
/Users/germangerken/PycharmProjects/CyberBrainExs/venv/lib/python3.10/site-packages/airflow/example_dags/example_subdag_operator.py                                           0           0
/Users/germangerken/PycharmProjects/CyberBrainExs/venv/lib/python3.10/site-packages/airflow/example_dags/example_trigger_controller_dag.py                                    0           0
/Users/germangerken/PycharmProjects/CyberBrainExs/venv/lib/python3.10/site-packages/airflow/example_dags/plugins/workday.py                                                   0           0
/Users/germangerken/PycharmProjects/CyberBrainExs/venv/lib/python3.10/site-packages/airflow/example_dags/subdags/subdag.py                                                    0           0  0.39s           2022-06-10T13:42:31
================================================================================
[2022-06-10 16:43:01,539] {manager.py:809} INFO - 
================================================================================
DAG File Processing Stats

File Path                                                                                                                                            PID    Runtime      # DAGs    # Errors  Last Runtime    Last Run
---------------------------------------------------------------------------------------------------------------------------------------------------  -----  ---------  --------  ----------  --------------  -------------------
/Users/germangerken/PycharmProjects/CyberBrainExs/venv/lib/python3.10/site-packages/airflow/example_dags/example_latest_only.py                                               0           0
/Users/germangerken/PycharmProjects/CyberBrainExs/venv/lib/python3.10/site-packages/airflow/example_dags/example_local_kubernetes_executor.py                                 0           0
/Users/germangerken/PycharmProjects/CyberBrainExs/venv/lib/python3.10/site-packages/airflow/example_dags/example_complex.py                                                   0           0
/Users/germangerken/PycharmProjects/CyberBrainExs/venv/lib/python3.10/site-packages/airflow/example_dags/example_external_task_marker_dag.py                                  0           0
/Users/germangerken/PycharmProjects/CyberBrainExs/venv/lib/python3.10/site-packages/airflow/example_dags/example_bash_operator.py                                             0           0
/Users/germangerken/PycharmProjects/CyberBrainExs/venv/lib/python3.10/site-packages/airflow/example_dags/example_branch_operator.py                                           0           0
/Users/germangerken/PycharmProjects/CyberBrainExs/venv/lib/python3.10/site-packages/airflow/example_dags/example_branch_labels.py                                             0           0
/Users/germangerken/PycharmProjects/CyberBrainExs/venv/lib/python3.10/site-packages/airflow/example_dags/tutorial_taskflow_api_etl_virtualenv.py                              0           0  0.47s           2022-06-10T13:42:33
/Users/germangerken/PycharmProjects/CyberBrainExs/venv/lib/python3.10/site-packages/airflow/example_dags/example_latest_only_with_trigger.py                                  0           0
/Users/germangerken/PycharmProjects/CyberBrainExs/venv/lib/python3.10/site-packages/airflow/example_dags/example_dag_decorator.py                                             0           0
/Users/germangerken/PycharmProjects/CyberBrainExs/venv/lib/python3.10/site-packages/airflow/example_dags/example_branch_operator_decorator.py                                 0           0
/Users/germangerken/PycharmProjects/CyberBrainExs/venv/lib/python3.10/site-packages/airflow/example_dags/example_branch_day_of_week_operator.py                               0           0
/Users/germangerken/PycharmProjects/CyberBrainExs/venv/lib/python3.10/site-packages/airflow/example_dags/example_kubernetes_executor.py                                       0           0
/Users/germangerken/PycharmProjects/CyberBrainExs/venv/lib/python3.10/site-packages/airflow/example_dags/example_branch_python_dop_operator_3.py                              0           0
/Users/germangerken/PycharmProjects/CyberBrainExs/venv/lib/python3.10/site-packages/airflow/example_dags/example_branch_datetime_operator.py                                  0           0
/Users/germangerken/PycharmProjects/CyberBrainExs/venv/lib/python3.10/site-packages/airflow/example_dags/example_nested_branch_dag.py                                         0           0
/Users/germangerken/PycharmProjects/CyberBrainExs/venv/lib/python3.10/site-packages/airflow/example_dags/plugins/workday.py                                                   0           0  0.36s           2022-06-10T13:42:32
/Users/germangerken/PycharmProjects/CyberBrainExs/venv/lib/python3.10/site-packages/airflow/example_dags/subdags/subdag.py                                                    0           0  0.39s           2022-06-10T13:42:31
/Users/germangerken/PycharmProjects/CyberBrainExs/venv/lib/python3.10/site-packages/airflow/example_dags/example_task_group_decorator.py                                      1           0  0.71s           2022-06-10T13:42:49
/Users/germangerken/PycharmProjects/CyberBrainExs/venv/lib/python3.10/site-packages/airflow/example_dags/example_python_operator.py                                           1           0  0.69s           2022-06-10T13:42:59
/Users/germangerken/PycharmProjects/CyberBrainExs/venv/lib/python3.10/site-packages/airflow/example_dags/tutorial_taskflow_api_etl.py                                         1           0  0.74s           2022-06-10T13:42:35
/Users/germangerken/PycharmProjects/CyberBrainExs/venv/lib/python3.10/site-packages/airflow/example_dags/example_short_circuit_operator.py                                    1           0  0.69s           2022-06-10T13:42:58
/Users/germangerken/PycharmProjects/CyberBrainExs/venv/lib/python3.10/site-packages/airflow/example_dags/tutorial_etl_dag.py                                                  1           0  0.70s           2022-06-10T13:42:37
/Users/germangerken/PycharmProjects/CyberBrainExs/venv/lib/python3.10/site-packages/airflow/example_dags/example_task_group.py                                                1           0  0.69s           2022-06-10T13:42:51
/Users/germangerken/PycharmProjects/CyberBrainExs/venv/lib/python3.10/site-packages/airflow/example_dags/tutorial.py                                                          1           0  0.67s           2022-06-10T13:42:39
/Users/germangerken/PycharmProjects/CyberBrainExs/venv/lib/python3.10/site-packages/airflow/example_dags/example_sla_dag.py                                                   1           0  0.69s           2022-06-10T13:42:54
/Users/germangerken/PycharmProjects/CyberBrainExs/venv/lib/python3.10/site-packages/airflow/example_dags/example_passing_params_via_test_command.py                           1           0  0.70s           2022-06-10T13:43:01
/Users/germangerken/PycharmProjects/CyberBrainExs/venv/lib/python3.10/site-packages/airflow/example_dags/example_time_delta_sensor_async.py                                   1           0  0.68s           2022-06-10T13:42:47
/Users/germangerken/PycharmProjects/CyberBrainExs/venv/lib/python3.10/site-packages/airflow/example_dags/example_xcom.py                                                      1           0  0.72s           2022-06-10T13:42:42
/Users/germangerken/PycharmProjects/CyberBrainExs/venv/lib/python3.10/site-packages/airflow/example_dags/example_skip_dag.py                                                  1           0  0.69s           2022-06-10T13:42:56
/Users/germangerken/PycharmProjects/CyberBrainExs/venv/lib/python3.10/site-packages/airflow/example_dags/example_trigger_target_dag.py                                        1           0  0.72s           2022-06-10T13:42:44
/Users/germangerken/PycharmProjects/CyberBrainExs/venv/lib/python3.10/site-packages/airflow/example_dags/example_trigger_controller_dag.py                                    1           0  0.68s           2022-06-10T13:42:46
/Users/germangerken/PycharmProjects/CyberBrainExs/venv/lib/python3.10/site-packages/airflow/example_dags/example_xcomargs.py                                                  2           0  0.72s           2022-06-10T13:42:40
/Users/germangerken/PycharmProjects/CyberBrainExs/venv/lib/python3.10/site-packages/airflow/example_dags/example_subdag_operator.py                                           3           0  0.70s           2022-06-10T13:42:52
================================================================================
[2022-06-10 16:43:32,491] {manager.py:809} INFO - 
================================================================================
DAG File Processing Stats

File Path                                                                                                                                            PID    Runtime      # DAGs    # Errors  Last Runtime    Last Run
---------------------------------------------------------------------------------------------------------------------------------------------------  -----  ---------  --------  ----------  --------------  -------------------
/Users/germangerken/PycharmProjects/CyberBrainExs/venv/lib/python3.10/site-packages/airflow/example_dags/example_local_kubernetes_executor.py                                 0           0  0.36s           2022-06-10T13:43:04
/Users/germangerken/PycharmProjects/CyberBrainExs/venv/lib/python3.10/site-packages/airflow/example_dags/tutorial_taskflow_api_etl_virtualenv.py                              0           0  0.35s           2022-06-10T13:43:26
/Users/germangerken/PycharmProjects/CyberBrainExs/venv/lib/python3.10/site-packages/airflow/example_dags/example_kubernetes_executor.py                                       0           0  0.36s           2022-06-10T13:43:08
/Users/germangerken/PycharmProjects/CyberBrainExs/venv/lib/python3.10/site-packages/airflow/example_dags/plugins/workday.py                                                   0           0  0.33s           2022-06-10T13:43:25
/Users/germangerken/PycharmProjects/CyberBrainExs/venv/lib/python3.10/site-packages/airflow/example_dags/subdags/subdag.py                                                    0           0  0.34s           2022-06-10T13:43:24
/Users/germangerken/PycharmProjects/CyberBrainExs/venv/lib/python3.10/site-packages/airflow/example_dags/example_latest_only.py                                               1           0  0.68s           2022-06-10T13:43:07
/Users/germangerken/PycharmProjects/CyberBrainExs/venv/lib/python3.10/site-packages/airflow/example_dags/example_task_group_decorator.py                                      1           0  0.71s           2022-06-10T13:42:49
/Users/germangerken/PycharmProjects/CyberBrainExs/venv/lib/python3.10/site-packages/airflow/example_dags/example_complex.py                                                   1           0  0.67s           2022-06-10T13:43:12
/Users/germangerken/PycharmProjects/CyberBrainExs/venv/lib/python3.10/site-packages/airflow/example_dags/example_python_operator.py                                           1           0  0.69s           2022-06-10T13:42:59
/Users/germangerken/PycharmProjects/CyberBrainExs/venv/lib/python3.10/site-packages/airflow/example_dags/tutorial_taskflow_api_etl.py                                         1           0  0.62s           2022-06-10T13:43:28
/Users/germangerken/PycharmProjects/CyberBrainExs/venv/lib/python3.10/site-packages/airflow/example_dags/example_bash_operator.py                                             1           0  0.64s           2022-06-10T13:43:22
/Users/germangerken/PycharmProjects/CyberBrainExs/venv/lib/python3.10/site-packages/airflow/example_dags/example_short_circuit_operator.py                                    1           0  0.69s           2022-06-10T13:42:58
/Users/germangerken/PycharmProjects/CyberBrainExs/venv/lib/python3.10/site-packages/airflow/example_dags/example_branch_operator.py                                           1           0  0.67s           2022-06-10T13:43:17
/Users/germangerken/PycharmProjects/CyberBrainExs/venv/lib/python3.10/site-packages/airflow/example_dags/tutorial_etl_dag.py                                                  1           0  0.37s           2022-06-10T13:43:29
/Users/germangerken/PycharmProjects/CyberBrainExs/venv/lib/python3.10/site-packages/airflow/example_dags/example_branch_labels.py                                             1           0  0.69s           2022-06-10T13:43:18
/Users/germangerken/PycharmProjects/CyberBrainExs/venv/lib/python3.10/site-packages/airflow/example_dags/example_task_group.py                                                1           0  0.69s           2022-06-10T13:42:51
/Users/germangerken/PycharmProjects/CyberBrainExs/venv/lib/python3.10/site-packages/airflow/example_dags/tutorial.py                                                          1           0  0.38s           2022-06-10T13:43:30
/Users/germangerken/PycharmProjects/CyberBrainExs/venv/lib/python3.10/site-packages/airflow/example_dags/example_sla_dag.py                                                   1           0  0.69s           2022-06-10T13:42:54
/Users/germangerken/PycharmProjects/CyberBrainExs/venv/lib/python3.10/site-packages/airflow/example_dags/example_passing_params_via_test_command.py                           1           0  0.70s           2022-06-10T13:43:01
/Users/germangerken/PycharmProjects/CyberBrainExs/venv/lib/python3.10/site-packages/airflow/example_dags/example_latest_only_with_trigger.py                                  1           0  0.69s           2022-06-10T13:43:06
/Users/germangerken/PycharmProjects/CyberBrainExs/venv/lib/python3.10/site-packages/airflow/example_dags/example_time_delta_sensor_async.py                                   1           0  0.68s           2022-06-10T13:42:47
/Users/germangerken/PycharmProjects/CyberBrainExs/venv/lib/python3.10/site-packages/airflow/example_dags/example_dag_decorator.py                                             1           0  0.72s           2022-06-10T13:43:12
/Users/germangerken/PycharmProjects/CyberBrainExs/venv/lib/python3.10/site-packages/airflow/example_dags/example_xcom.py                                                      1           0  0.72s           2022-06-10T13:42:42
/Users/germangerken/PycharmProjects/CyberBrainExs/venv/lib/python3.10/site-packages/airflow/example_dags/example_branch_operator_decorator.py                                 1           0  0.72s           2022-06-10T13:43:16
/Users/germangerken/PycharmProjects/CyberBrainExs/venv/lib/python3.10/site-packages/airflow/example_dags/example_branch_day_of_week_operator.py                               1           0  0.68s           2022-06-10T13:43:20
/Users/germangerken/PycharmProjects/CyberBrainExs/venv/lib/python3.10/site-packages/airflow/example_dags/example_skip_dag.py                                                  1           0  0.69s           2022-06-10T13:42:56
/Users/germangerken/PycharmProjects/CyberBrainExs/venv/lib/python3.10/site-packages/airflow/example_dags/example_trigger_target_dag.py                                        1           0  0.72s           2022-06-10T13:42:44
/Users/germangerken/PycharmProjects/CyberBrainExs/venv/lib/python3.10/site-packages/airflow/example_dags/example_branch_python_dop_operator_3.py                              1           0  0.69s           2022-06-10T13:43:14
/Users/germangerken/PycharmProjects/CyberBrainExs/venv/lib/python3.10/site-packages/airflow/example_dags/example_branch_datetime_operator.py                                  1           0  0.70s           2022-06-10T13:43:22
/Users/germangerken/PycharmProjects/CyberBrainExs/venv/lib/python3.10/site-packages/airflow/example_dags/example_nested_branch_dag.py                                         1           0  0.68s           2022-06-10T13:43:03
/Users/germangerken/PycharmProjects/CyberBrainExs/venv/lib/python3.10/site-packages/airflow/example_dags/example_trigger_controller_dag.py                                    1           0  0.68s           2022-06-10T13:42:46
/Users/germangerken/PycharmProjects/CyberBrainExs/venv/lib/python3.10/site-packages/airflow/example_dags/example_external_task_marker_dag.py                                  2           0  0.70s           2022-06-10T13:43:10
/Users/germangerken/PycharmProjects/CyberBrainExs/venv/lib/python3.10/site-packages/airflow/example_dags/example_xcomargs.py                                                  2           0  0.63s           2022-06-10T13:43:32
/Users/germangerken/PycharmProjects/CyberBrainExs/venv/lib/python3.10/site-packages/airflow/example_dags/example_subdag_operator.py                                           3           0  0.70s           2022-06-10T13:42:52
================================================================================
[2022-06-10 16:44:02,662] {manager.py:809} INFO - 
================================================================================
DAG File Processing Stats

File Path                                                                                                                                            PID    Runtime      # DAGs    # Errors  Last Runtime    Last Run
---------------------------------------------------------------------------------------------------------------------------------------------------  -----  ---------  --------  ----------  --------------  -------------------
/Users/germangerken/PycharmProjects/CyberBrainExs/venv/lib/python3.10/site-packages/airflow/example_dags/example_local_kubernetes_executor.py                                 0           0  0.35s           2022-06-10T13:43:49
/Users/germangerken/PycharmProjects/CyberBrainExs/venv/lib/python3.10/site-packages/airflow/example_dags/tutorial_taskflow_api_etl_virtualenv.py                              0           0  0.35s           2022-06-10T13:43:26
/Users/germangerken/PycharmProjects/CyberBrainExs/venv/lib/python3.10/site-packages/airflow/example_dags/example_kubernetes_executor.py                                       0           0  0.35s           2022-06-10T13:43:53
/Users/germangerken/PycharmProjects/CyberBrainExs/venv/lib/python3.10/site-packages/airflow/example_dags/plugins/workday.py                                                   0           0  0.33s           2022-06-10T13:43:25
/Users/germangerken/PycharmProjects/CyberBrainExs/venv/lib/python3.10/site-packages/airflow/example_dags/subdags/subdag.py                                                    0           0  0.34s           2022-06-10T13:43:24
/Users/germangerken/PycharmProjects/CyberBrainExs/venv/lib/python3.10/site-packages/airflow/example_dags/example_latest_only.py                                               1           0  0.42s           2022-06-10T13:43:52
/Users/germangerken/PycharmProjects/CyberBrainExs/venv/lib/python3.10/site-packages/airflow/example_dags/example_task_group_decorator.py                                      1           0  0.63s           2022-06-10T13:43:39
/Users/germangerken/PycharmProjects/CyberBrainExs/venv/lib/python3.10/site-packages/airflow/example_dags/example_complex.py                                                   1           0  0.38s           2022-06-10T13:43:57
/Users/germangerken/PycharmProjects/CyberBrainExs/venv/lib/python3.10/site-packages/airflow/example_dags/example_python_operator.py                                           1           0  0.34s           2022-06-10T13:43:45
/Users/germangerken/PycharmProjects/CyberBrainExs/venv/lib/python3.10/site-packages/airflow/example_dags/tutorial_taskflow_api_etl.py                                         1           0  0.62s           2022-06-10T13:43:28
/Users/germangerken/PycharmProjects/CyberBrainExs/venv/lib/python3.10/site-packages/airflow/example_dags/example_bash_operator.py                                             1           0  0.64s           2022-06-10T13:43:22
/Users/germangerken/PycharmProjects/CyberBrainExs/venv/lib/python3.10/site-packages/airflow/example_dags/example_short_circuit_operator.py                                    1           0  0.38s           2022-06-10T13:43:45
/Users/germangerken/PycharmProjects/CyberBrainExs/venv/lib/python3.10/site-packages/airflow/example_dags/example_branch_operator.py                                           1           0  0.36s           2022-06-10T13:44:01
/Users/germangerken/PycharmProjects/CyberBrainExs/venv/lib/python3.10/site-packages/airflow/example_dags/tutorial_etl_dag.py                                                  1           0  0.37s           2022-06-10T13:43:29
/Users/germangerken/PycharmProjects/CyberBrainExs/venv/lib/python3.10/site-packages/airflow/example_dags/example_branch_labels.py                                             1           0  0.36s           2022-06-10T13:44:02
/Users/germangerken/PycharmProjects/CyberBrainExs/venv/lib/python3.10/site-packages/airflow/example_dags/example_task_group.py                                                1           0  0.37s           2022-06-10T13:43:40
/Users/germangerken/PycharmProjects/CyberBrainExs/venv/lib/python3.10/site-packages/airflow/example_dags/tutorial.py                                                          1           0  0.38s           2022-06-10T13:43:30
/Users/germangerken/PycharmProjects/CyberBrainExs/venv/lib/python3.10/site-packages/airflow/example_dags/example_sla_dag.py                                                   1           0  0.43s           2022-06-10T13:43:43
/Users/germangerken/PycharmProjects/CyberBrainExs/venv/lib/python3.10/site-packages/airflow/example_dags/example_passing_params_via_test_command.py                           1           0  0.38s           2022-06-10T13:43:47
/Users/germangerken/PycharmProjects/CyberBrainExs/venv/lib/python3.10/site-packages/airflow/example_dags/example_latest_only_with_trigger.py                                  1           0  0.37s           2022-06-10T13:43:50
/Users/germangerken/PycharmProjects/CyberBrainExs/venv/lib/python3.10/site-packages/airflow/example_dags/example_time_delta_sensor_async.py                                   1           0  0.37s           2022-06-10T13:43:37
/Users/germangerken/PycharmProjects/CyberBrainExs/venv/lib/python3.10/site-packages/airflow/example_dags/example_dag_decorator.py                                             1           0  0.67s           2022-06-10T13:43:55
/Users/germangerken/PycharmProjects/CyberBrainExs/venv/lib/python3.10/site-packages/airflow/example_dags/example_xcom.py                                                      1           0  0.62s           2022-06-10T13:43:33
/Users/germangerken/PycharmProjects/CyberBrainExs/venv/lib/python3.10/site-packages/airflow/example_dags/example_branch_operator_decorator.py                                 1           0  0.37s           2022-06-10T13:44:00
/Users/germangerken/PycharmProjects/CyberBrainExs/venv/lib/python3.10/site-packages/airflow/example_dags/example_branch_day_of_week_operator.py                               1           0  0.68s           2022-06-10T13:43:20
/Users/germangerken/PycharmProjects/CyberBrainExs/venv/lib/python3.10/site-packages/airflow/example_dags/example_skip_dag.py                                                  1           0  0.37s           2022-06-10T13:43:43
/Users/germangerken/PycharmProjects/CyberBrainExs/venv/lib/python3.10/site-packages/airflow/example_dags/example_trigger_target_dag.py                                        1           0  0.43s           2022-06-10T13:43:34
/Users/germangerken/PycharmProjects/CyberBrainExs/venv/lib/python3.10/site-packages/airflow/example_dags/example_branch_python_dop_operator_3.py                              1           0  0.35s           2022-06-10T13:43:58
/Users/germangerken/PycharmProjects/CyberBrainExs/venv/lib/python3.10/site-packages/airflow/example_dags/example_branch_datetime_operator.py                                  1           0  0.70s           2022-06-10T13:43:22
/Users/germangerken/PycharmProjects/CyberBrainExs/venv/lib/python3.10/site-packages/airflow/example_dags/example_nested_branch_dag.py                                         1           0  0.36s           2022-06-10T13:43:47
/Users/germangerken/PycharmProjects/CyberBrainExs/venv/lib/python3.10/site-packages/airflow/example_dags/example_trigger_controller_dag.py                                    1           0  0.37s           2022-06-10T13:43:36
/Users/germangerken/PycharmProjects/CyberBrainExs/venv/lib/python3.10/site-packages/airflow/example_dags/example_external_task_marker_dag.py                                  2           0  0.37s           2022-06-10T13:43:54
/Users/germangerken/PycharmProjects/CyberBrainExs/venv/lib/python3.10/site-packages/airflow/example_dags/example_xcomargs.py                                                  2           0  0.63s           2022-06-10T13:43:32
/Users/germangerken/PycharmProjects/CyberBrainExs/venv/lib/python3.10/site-packages/airflow/example_dags/example_subdag_operator.py                                           3           0  0.42s           2022-06-10T13:43:41
================================================================================
[2022-06-10 16:44:25,137] {manager.py:462} INFO - Exiting gracefully upon receiving signal 15
[2022-06-10 16:44:32,171] {manager.py:480} INFO - Processing files using up to 1 processes at a time 
[2022-06-10 16:44:32,171] {manager.py:481} INFO - Process each file at most once every 30 seconds
[2022-06-10 16:44:32,171] {manager.py:482} INFO - Checking for new files in /Users/germangerken/airflow/dags every 300 seconds
[2022-06-10 16:44:32,171] {manager.py:690} INFO - Searching for files in /Users/germangerken/airflow/dags
[2022-06-10 16:44:32,171] {manager.py:693} INFO - There are 1 files in /Users/germangerken/airflow/dags
[2022-06-10 16:44:33,082] {manager.py:809} INFO - 
================================================================================
DAG File Processing Stats

File Path                                               PID    Runtime      # DAGs    # Errors  Last Runtime    Last Run
------------------------------------------------------  -----  ---------  --------  ----------  --------------  -------------------
/Users/germangerken/airflow/dags/spark_pipeline_dag.py                           1           0  0.89s           2022-06-10T13:44:33
================================================================================
[2022-06-10 16:45:04,328] {manager.py:809} INFO - 
================================================================================
DAG File Processing Stats

File Path                                               PID    Runtime      # DAGs    # Errors  Last Runtime    Last Run
------------------------------------------------------  -----  ---------  --------  ----------  --------------  -------------------
/Users/germangerken/airflow/dags/spark_pipeline_dag.py                           1           0  0.43s           2022-06-10T13:45:04
================================================================================
[2022-06-10 16:45:34,732] {manager.py:809} INFO - 
================================================================================
DAG File Processing Stats

File Path                                               PID    Runtime      # DAGs    # Errors  Last Runtime    Last Run
------------------------------------------------------  -----  ---------  --------  ----------  --------------  -------------------
/Users/germangerken/airflow/dags/spark_pipeline_dag.py                           1           0  0.43s           2022-06-10T13:45:34
================================================================================
[2022-06-10 16:46:05,243] {manager.py:809} INFO - 
================================================================================
DAG File Processing Stats

File Path                                               PID    Runtime      # DAGs    # Errors  Last Runtime    Last Run
------------------------------------------------------  -----  ---------  --------  ----------  --------------  -------------------
/Users/germangerken/airflow/dags/spark_pipeline_dag.py                           1           0  0.42s           2022-06-10T13:46:05
================================================================================
[2022-06-10 16:46:36,447] {manager.py:809} INFO - 
================================================================================
DAG File Processing Stats

File Path                                               PID    Runtime      # DAGs    # Errors  Last Runtime    Last Run
------------------------------------------------------  -----  ---------  --------  ----------  --------------  -------------------
/Users/germangerken/airflow/dags/spark_pipeline_dag.py                           1           0  0.42s           2022-06-10T13:46:36
================================================================================
[2022-06-10 16:47:07,225] {manager.py:809} INFO - 
================================================================================
DAG File Processing Stats

File Path                                               PID    Runtime      # DAGs    # Errors  Last Runtime    Last Run
------------------------------------------------------  -----  ---------  --------  ----------  --------------  -------------------
/Users/germangerken/airflow/dags/spark_pipeline_dag.py                           1           0  0.43s           2022-06-10T13:47:07
================================================================================
[2022-06-10 16:47:38,599] {manager.py:809} INFO - 
================================================================================
DAG File Processing Stats

File Path                                               PID    Runtime      # DAGs    # Errors  Last Runtime    Last Run
------------------------------------------------------  -----  ---------  --------  ----------  --------------  -------------------
/Users/germangerken/airflow/dags/spark_pipeline_dag.py                           1           0  0.42s           2022-06-10T13:47:38
================================================================================
[2022-06-10 16:48:09,724] {manager.py:809} INFO - 
================================================================================
DAG File Processing Stats

File Path                                               PID    Runtime      # DAGs    # Errors  Last Runtime    Last Run
------------------------------------------------------  -----  ---------  --------  ----------  --------------  -------------------
/Users/germangerken/airflow/dags/spark_pipeline_dag.py                           1           0  0.42s           2022-06-10T13:48:09
================================================================================
[2022-06-10 16:48:40,016] {manager.py:809} INFO - 
================================================================================
DAG File Processing Stats

File Path                                               PID    Runtime      # DAGs    # Errors  Last Runtime    Last Run
------------------------------------------------------  -----  ---------  --------  ----------  --------------  -------------------
/Users/germangerken/airflow/dags/spark_pipeline_dag.py                           1           0  0.42s           2022-06-10T13:48:40
================================================================================
[2022-06-10 16:49:11,112] {manager.py:809} INFO - 
================================================================================
DAG File Processing Stats

File Path                                               PID    Runtime      # DAGs    # Errors  Last Runtime    Last Run
------------------------------------------------------  -----  ---------  --------  ----------  --------------  -------------------
/Users/germangerken/airflow/dags/spark_pipeline_dag.py                           1           0  0.43s           2022-06-10T13:49:11
================================================================================
[2022-06-10 16:49:33,040] {manager.py:690} INFO - Searching for files in /Users/germangerken/airflow/dags
[2022-06-10 16:49:33,044] {manager.py:693} INFO - There are 1 files in /Users/germangerken/airflow/dags
[2022-06-10 16:49:41,835] {manager.py:809} INFO - 
================================================================================
DAG File Processing Stats

File Path                                               PID    Runtime      # DAGs    # Errors  Last Runtime    Last Run
------------------------------------------------------  -----  ---------  --------  ----------  --------------  -------------------
/Users/germangerken/airflow/dags/spark_pipeline_dag.py                           1           0  0.42s           2022-06-10T13:49:41
================================================================================
[2022-06-10 16:50:11,870] {manager.py:809} INFO - 
================================================================================
DAG File Processing Stats

File Path                                               PID    Runtime      # DAGs    # Errors  Last Runtime    Last Run
------------------------------------------------------  -----  ---------  --------  ----------  --------------  -------------------
/Users/germangerken/airflow/dags/spark_pipeline_dag.py                           1           0  0.43s           2022-06-10T13:50:11
================================================================================
[2022-06-10 16:50:42,619] {manager.py:809} INFO - 
================================================================================
DAG File Processing Stats

File Path                                               PID    Runtime      # DAGs    # Errors  Last Runtime    Last Run
------------------------------------------------------  -----  ---------  --------  ----------  --------------  -------------------
/Users/germangerken/airflow/dags/spark_pipeline_dag.py                           1           0  0.43s           2022-06-10T13:50:42
================================================================================
[2022-06-10 16:51:13,423] {manager.py:809} INFO - 
================================================================================
DAG File Processing Stats

File Path                                               PID    Runtime      # DAGs    # Errors  Last Runtime    Last Run
------------------------------------------------------  -----  ---------  --------  ----------  --------------  -------------------
/Users/germangerken/airflow/dags/spark_pipeline_dag.py                           1           0  0.42s           2022-06-10T13:51:13
================================================================================
[2022-06-10 16:51:44,577] {manager.py:809} INFO - 
================================================================================
DAG File Processing Stats

File Path                                               PID    Runtime      # DAGs    # Errors  Last Runtime    Last Run
------------------------------------------------------  -----  ---------  --------  ----------  --------------  -------------------
/Users/germangerken/airflow/dags/spark_pipeline_dag.py                           1           0  0.42s           2022-06-10T13:51:44
================================================================================
[2022-06-10 16:52:15,478] {manager.py:809} INFO - 
================================================================================
DAG File Processing Stats

File Path                                               PID    Runtime      # DAGs    # Errors  Last Runtime    Last Run
------------------------------------------------------  -----  ---------  --------  ----------  --------------  -------------------
/Users/germangerken/airflow/dags/spark_pipeline_dag.py                           1           0  0.42s           2022-06-10T13:52:15
================================================================================
[2022-06-10 16:52:46,431] {manager.py:809} INFO - 
================================================================================
DAG File Processing Stats

File Path                                               PID    Runtime      # DAGs    # Errors  Last Runtime    Last Run
------------------------------------------------------  -----  ---------  --------  ----------  --------------  -------------------
/Users/germangerken/airflow/dags/spark_pipeline_dag.py                           1           0  0.42s           2022-06-10T13:52:46
================================================================================
[2022-06-10 16:53:23,922] {manager.py:809} INFO - 
================================================================================
DAG File Processing Stats

File Path                                               PID    Runtime      # DAGs    # Errors  Last Runtime    Last Run
------------------------------------------------------  -----  ---------  --------  ----------  --------------  -------------------
/Users/germangerken/airflow/dags/spark_pipeline_dag.py                           1           0  0.35s           2022-06-10T13:53:23
================================================================================
[2022-06-10 16:53:54,664] {manager.py:809} INFO - 
================================================================================
DAG File Processing Stats

File Path                                               PID    Runtime      # DAGs    # Errors  Last Runtime    Last Run
------------------------------------------------------  -----  ---------  --------  ----------  --------------  -------------------
/Users/germangerken/airflow/dags/spark_pipeline_dag.py                           1           0  0.43s           2022-06-10T13:53:54
================================================================================
[2022-06-10 16:54:25,399] {manager.py:809} INFO - 
================================================================================
DAG File Processing Stats

File Path                                               PID    Runtime      # DAGs    # Errors  Last Runtime    Last Run
------------------------------------------------------  -----  ---------  --------  ----------  --------------  -------------------
/Users/germangerken/airflow/dags/spark_pipeline_dag.py                           1           0  0.43s           2022-06-10T13:54:25
================================================================================
[2022-06-10 16:54:34,436] {manager.py:690} INFO - Searching for files in /Users/germangerken/airflow/dags
[2022-06-10 16:54:34,441] {manager.py:693} INFO - There are 1 files in /Users/germangerken/airflow/dags
[2022-06-10 16:54:56,483] {manager.py:809} INFO - 
================================================================================
DAG File Processing Stats

File Path                                               PID    Runtime      # DAGs    # Errors  Last Runtime    Last Run
------------------------------------------------------  -----  ---------  --------  ----------  --------------  -------------------
/Users/germangerken/airflow/dags/spark_pipeline_dag.py                           1           0  0.43s           2022-06-10T13:54:56
================================================================================
[2022-06-10 16:55:27,426] {manager.py:809} INFO - 
================================================================================
DAG File Processing Stats

File Path                                               PID    Runtime      # DAGs    # Errors  Last Runtime    Last Run
------------------------------------------------------  -----  ---------  --------  ----------  --------------  -------------------
/Users/germangerken/airflow/dags/spark_pipeline_dag.py                           1           0  0.42s           2022-06-10T13:55:27
================================================================================
[2022-06-10 16:55:57,489] {manager.py:809} INFO - 
================================================================================
DAG File Processing Stats

File Path                                               PID    Runtime      # DAGs    # Errors  Last Runtime    Last Run
------------------------------------------------------  -----  ---------  --------  ----------  --------------  -------------------
/Users/germangerken/airflow/dags/spark_pipeline_dag.py                           1           0  0.42s           2022-06-10T13:55:57
================================================================================
[2022-06-10 16:56:28,596] {manager.py:809} INFO - 
================================================================================
DAG File Processing Stats

File Path                                               PID    Runtime      # DAGs    # Errors  Last Runtime    Last Run
------------------------------------------------------  -----  ---------  --------  ----------  --------------  -------------------
/Users/germangerken/airflow/dags/spark_pipeline_dag.py                           1           0  0.42s           2022-06-10T13:56:28
================================================================================
[2022-06-10 16:56:59,667] {manager.py:809} INFO - 
================================================================================
DAG File Processing Stats

File Path                                               PID    Runtime      # DAGs    # Errors  Last Runtime    Last Run
------------------------------------------------------  -----  ---------  --------  ----------  --------------  -------------------
/Users/germangerken/airflow/dags/spark_pipeline_dag.py                           1           0  0.42s           2022-06-10T13:56:59
================================================================================
[2022-06-10 16:57:30,645] {manager.py:809} INFO - 
================================================================================
DAG File Processing Stats

File Path                                               PID    Runtime      # DAGs    # Errors  Last Runtime    Last Run
------------------------------------------------------  -----  ---------  --------  ----------  --------------  -------------------
/Users/germangerken/airflow/dags/spark_pipeline_dag.py                           1           0  0.43s           2022-06-10T13:57:30
================================================================================
[2022-06-10 16:58:01,451] {manager.py:809} INFO - 
================================================================================
DAG File Processing Stats

File Path                                               PID    Runtime      # DAGs    # Errors  Last Runtime    Last Run
------------------------------------------------------  -----  ---------  --------  ----------  --------------  -------------------
/Users/germangerken/airflow/dags/spark_pipeline_dag.py                           1           0  0.43s           2022-06-10T13:58:01
================================================================================
[2022-06-10 17:00:36,081] {manager.py:480} INFO - Processing files using up to 1 processes at a time 
[2022-06-10 17:00:36,082] {manager.py:481} INFO - Process each file at most once every 30 seconds
[2022-06-10 17:00:36,082] {manager.py:482} INFO - Checking for new files in /Users/germangerken/airflow/dags every 300 seconds
[2022-06-10 17:00:36,082] {manager.py:690} INFO - Searching for files in /Users/germangerken/airflow/dags
[2022-06-10 17:00:36,083] {manager.py:693} INFO - There are 1 files in /Users/germangerken/airflow/dags
[2022-06-10 17:00:36,460] {manager.py:809} INFO - 
================================================================================
DAG File Processing Stats

File Path                                               PID    Runtime      # DAGs    # Errors  Last Runtime    Last Run
------------------------------------------------------  -----  ---------  --------  ----------  --------------  -------------------
/Users/germangerken/airflow/dags/spark_pipeline_dag.py                           1           0  0.36s           2022-06-10T14:00:36
================================================================================
[2022-06-10 17:01:06,474] {manager.py:809} INFO - 
================================================================================
DAG File Processing Stats

File Path                                               PID    Runtime      # DAGs    # Errors  Last Runtime    Last Run
------------------------------------------------------  -----  ---------  --------  ----------  --------------  -------------------
/Users/germangerken/airflow/dags/spark_pipeline_dag.py                           1           0  0.43s           2022-06-10T14:01:06
================================================================================
[2022-06-10 17:01:30,562] {manager.py:462} INFO - Exiting gracefully upon receiving signal 15
[2022-06-10 17:01:36,146] {manager.py:480} INFO - Processing files using up to 1 processes at a time 
[2022-06-10 17:01:36,146] {manager.py:481} INFO - Process each file at most once every 30 seconds
[2022-06-10 17:01:36,146] {manager.py:482} INFO - Checking for new files in /Users/germangerken/airflow/dags every 300 seconds
[2022-06-10 17:01:36,146] {manager.py:690} INFO - Searching for files in /Users/germangerken/airflow/dags
[2022-06-10 17:01:36,147] {manager.py:693} INFO - There are 1 files in /Users/germangerken/airflow/dags
[2022-06-10 17:01:36,591] {manager.py:809} INFO - 
================================================================================
DAG File Processing Stats

File Path                                               PID    Runtime      # DAGs    # Errors  Last Runtime    Last Run
------------------------------------------------------  -----  ---------  --------  ----------  --------------  -------------------
/Users/germangerken/airflow/dags/spark_pipeline_dag.py                           1           0  0.42s           2022-06-10T14:01:36
================================================================================
[2022-06-10 17:03:37,321] {manager.py:480} INFO - Processing files using up to 1 processes at a time 
[2022-06-10 17:03:37,321] {manager.py:481} INFO - Process each file at most once every 30 seconds
[2022-06-10 17:03:37,321] {manager.py:482} INFO - Checking for new files in /Users/germangerken/airflow/dags every 300 seconds
[2022-06-10 17:03:37,321] {manager.py:690} INFO - Searching for files in /Users/germangerken/airflow/dags
[2022-06-10 17:03:37,322] {manager.py:693} INFO - There are 1 files in /Users/germangerken/airflow/dags
[2022-06-10 17:03:37,892] {manager.py:809} INFO - 
================================================================================
DAG File Processing Stats

File Path                                               PID    Runtime      # DAGs    # Errors  Last Runtime    Last Run
------------------------------------------------------  -----  ---------  --------  ----------  --------------  -------------------
/Users/germangerken/airflow/dags/spark_pipeline_dag.py                           1           0  0.55s           2022-06-10T14:03:37
================================================================================
[2022-06-10 17:04:12,316] {manager.py:809} INFO - 
================================================================================
DAG File Processing Stats

File Path                                               PID    Runtime      # DAGs    # Errors  Last Runtime    Last Run
------------------------------------------------------  -----  ---------  --------  ----------  --------------  -------------------
/Users/germangerken/airflow/dags/spark_pipeline_dag.py                           1           0  0.36s           2022-06-10T14:04:12
================================================================================
[2022-06-10 17:04:42,511] {manager.py:809} INFO - 
================================================================================
DAG File Processing Stats

File Path                                               PID    Runtime      # DAGs    # Errors  Last Runtime    Last Run
------------------------------------------------------  -----  ---------  --------  ----------  --------------  -------------------
/Users/germangerken/airflow/dags/spark_pipeline_dag.py                           1           0  0.36s           2022-06-10T14:04:42
================================================================================
[2022-06-10 17:05:13,179] {manager.py:809} INFO - 
================================================================================
DAG File Processing Stats

File Path                                               PID    Runtime      # DAGs    # Errors  Last Runtime    Last Run
------------------------------------------------------  -----  ---------  --------  ----------  --------------  -------------------
/Users/germangerken/airflow/dags/spark_pipeline_dag.py                           1           0  0.42s           2022-06-10T14:05:13
================================================================================
[2022-06-10 17:05:43,502] {manager.py:809} INFO - 
================================================================================
DAG File Processing Stats

File Path                                               PID    Runtime      # DAGs    # Errors  Last Runtime    Last Run
------------------------------------------------------  -----  ---------  --------  ----------  --------------  -------------------
/Users/germangerken/airflow/dags/spark_pipeline_dag.py                           1           0  0.43s           2022-06-10T14:05:43
================================================================================
[2022-06-10 17:06:14,693] {manager.py:809} INFO - 
================================================================================
DAG File Processing Stats

File Path                                               PID    Runtime      # DAGs    # Errors  Last Runtime    Last Run
------------------------------------------------------  -----  ---------  --------  ----------  --------------  -------------------
/Users/germangerken/airflow/dags/spark_pipeline_dag.py                           1           0  0.42s           2022-06-10T14:06:14
================================================================================
[2022-06-10 17:06:45,460] {manager.py:809} INFO - 
================================================================================
DAG File Processing Stats

File Path                                               PID    Runtime      # DAGs    # Errors  Last Runtime    Last Run
------------------------------------------------------  -----  ---------  --------  ----------  --------------  -------------------
/Users/germangerken/airflow/dags/spark_pipeline_dag.py                           1           0  0.39s           2022-06-10T14:06:45
================================================================================
[2022-06-10 17:07:16,032] {manager.py:809} INFO - 
================================================================================
DAG File Processing Stats

File Path                                               PID    Runtime      # DAGs    # Errors  Last Runtime    Last Run
------------------------------------------------------  -----  ---------  --------  ----------  --------------  -------------------
/Users/germangerken/airflow/dags/spark_pipeline_dag.py                           1           0  0.38s           2022-06-10T14:07:16
================================================================================
[2022-06-10 17:07:46,680] {manager.py:809} INFO - 
================================================================================
DAG File Processing Stats

File Path                                               PID    Runtime      # DAGs    # Errors  Last Runtime    Last Run
------------------------------------------------------  -----  ---------  --------  ----------  --------------  -------------------
/Users/germangerken/airflow/dags/spark_pipeline_dag.py                           1           0  0.43s           2022-06-10T14:07:46
================================================================================
[2022-06-10 17:08:17,267] {manager.py:809} INFO - 
================================================================================
DAG File Processing Stats

File Path                                               PID    Runtime      # DAGs    # Errors  Last Runtime    Last Run
------------------------------------------------------  -----  ---------  --------  ----------  --------------  -------------------
/Users/germangerken/airflow/dags/spark_pipeline_dag.py                           1           0  0.43s           2022-06-10T14:08:17
================================================================================
[2022-06-10 17:08:30,637] {manager.py:462} INFO - Exiting gracefully upon receiving signal 15
[2022-06-10 17:08:35,486] {manager.py:480} INFO - Processing files using up to 1 processes at a time 
[2022-06-10 17:08:35,486] {manager.py:481} INFO - Process each file at most once every 30 seconds
[2022-06-10 17:08:35,486] {manager.py:482} INFO - Checking for new files in /Users/germangerken/airflow/dags every 300 seconds
[2022-06-10 17:08:35,486] {manager.py:690} INFO - Searching for files in /Users/germangerken/airflow/dags
[2022-06-10 17:08:35,487] {manager.py:693} INFO - There are 2 files in /Users/germangerken/airflow/dags
[2022-06-10 17:08:36,284] {manager.py:809} INFO - 
================================================================================
DAG File Processing Stats

File Path                                               PID    Runtime      # DAGs    # Errors  Last Runtime    Last Run
------------------------------------------------------  -----  ---------  --------  ----------  --------------  -------------------
/Users/germangerken/airflow/dags/spark_pipeline_dag.py                           0           0
/Users/germangerken/airflow/dags/test_dag.py                                     1           0  0.78s           2022-06-10T14:08:36
================================================================================
[2022-06-10 17:09:06,575] {manager.py:809} INFO - 
================================================================================
DAG File Processing Stats

File Path                                               PID    Runtime      # DAGs    # Errors  Last Runtime    Last Run
------------------------------------------------------  -----  ---------  --------  ----------  --------------  -------------------
/Users/germangerken/airflow/dags/test_dag.py                                     1           0  0.42s           2022-06-10T14:09:04
/Users/germangerken/airflow/dags/spark_pipeline_dag.py                           1           0  0.67s           2022-06-10T14:09:06
================================================================================
[2022-06-10 17:09:36,799] {manager.py:809} INFO - 
================================================================================
DAG File Processing Stats

File Path                                               PID    Runtime      # DAGs    # Errors  Last Runtime    Last Run
------------------------------------------------------  -----  ---------  --------  ----------  --------------  -------------------
/Users/germangerken/airflow/dags/test_dag.py                                     1           0  0.61s           2022-06-10T14:09:36
/Users/germangerken/airflow/dags/spark_pipeline_dag.py                           1           0  0.43s           2022-06-10T14:09:35
================================================================================
[2022-06-10 17:10:06,890] {manager.py:809} INFO - 
================================================================================
DAG File Processing Stats

File Path                                               PID    Runtime      # DAGs    # Errors  Last Runtime    Last Run
------------------------------------------------------  -----  ---------  --------  ----------  --------------  -------------------
/Users/germangerken/airflow/dags/test_dag.py                                     1           0  0.40s           2022-06-10T14:10:05
/Users/germangerken/airflow/dags/spark_pipeline_dag.py                           1           0  0.61s           2022-06-10T14:10:06
================================================================================
[2022-06-10 17:10:37,600] {manager.py:809} INFO - 
================================================================================
DAG File Processing Stats

File Path                                               PID    Runtime      # DAGs    # Errors  Last Runtime    Last Run
------------------------------------------------------  -----  ---------  --------  ----------  --------------  -------------------
/Users/germangerken/airflow/dags/test_dag.py                                     1           0  0.42s           2022-06-10T14:10:36
/Users/germangerken/airflow/dags/spark_pipeline_dag.py                           1           0  0.43s           2022-06-10T14:10:37
================================================================================
[2022-06-10 17:11:08,750] {manager.py:809} INFO - 
================================================================================
DAG File Processing Stats

File Path                                               PID    Runtime      # DAGs    # Errors  Last Runtime    Last Run
------------------------------------------------------  -----  ---------  --------  ----------  --------------  -------------------
/Users/germangerken/airflow/dags/test_dag.py                                     1           0  0.43s           2022-06-10T14:11:07
/Users/germangerken/airflow/dags/spark_pipeline_dag.py                           1           0  0.42s           2022-06-10T14:11:08
================================================================================
[2022-06-10 17:11:39,628] {manager.py:809} INFO - 
================================================================================
DAG File Processing Stats

File Path                                               PID    Runtime      # DAGs    # Errors  Last Runtime    Last Run
------------------------------------------------------  -----  ---------  --------  ----------  --------------  -------------------
/Users/germangerken/airflow/dags/test_dag.py                                     1           0  0.42s           2022-06-10T14:11:39
/Users/germangerken/airflow/dags/spark_pipeline_dag.py                           1           0  0.42s           2022-06-10T14:11:38
================================================================================
[2022-06-10 17:11:46,521] {manager.py:462} INFO - Exiting gracefully upon receiving signal 15
[2022-06-10 17:13:01,307] {manager.py:480} INFO - Processing files using up to 1 processes at a time 
[2022-06-10 17:13:01,308] {manager.py:481} INFO - Process each file at most once every 30 seconds
[2022-06-10 17:13:01,308] {manager.py:482} INFO - Checking for new files in /Users/germangerken/airflow/dags every 300 seconds
[2022-06-10 17:13:01,308] {manager.py:690} INFO - Searching for files in /Users/germangerken/airflow/dags
[2022-06-10 17:13:01,308] {manager.py:693} INFO - There are 2 files in /Users/germangerken/airflow/dags
[2022-06-10 17:13:01,792] {manager.py:809} INFO - 
================================================================================
DAG File Processing Stats

File Path                                               PID    Runtime      # DAGs    # Errors  Last Runtime    Last Run
------------------------------------------------------  -----  ---------  --------  ----------  --------------  -------------------
/Users/germangerken/airflow/dags/spark_pipeline_dag.py                           0           0
/Users/germangerken/airflow/dags/test_dag.py                                     1           0  0.46s           2022-06-10T14:13:01
================================================================================
[2022-06-10 17:13:31,921] {manager.py:809} INFO - 
================================================================================
DAG File Processing Stats

File Path                                               PID    Runtime      # DAGs    # Errors  Last Runtime    Last Run
------------------------------------------------------  -----  ---------  --------  ----------  --------------  -------------------
/Users/germangerken/airflow/dags/test_dag.py                                     1           0  0.42s           2022-06-10T14:13:31
/Users/germangerken/airflow/dags/spark_pipeline_dag.py                           1           0  0.42s           2022-06-10T14:13:31
================================================================================
[2022-06-10 17:14:02,551] {manager.py:809} INFO - 
================================================================================
DAG File Processing Stats

File Path                                               PID    Runtime      # DAGs    # Errors  Last Runtime    Last Run
------------------------------------------------------  -----  ---------  --------  ----------  --------------  -------------------
/Users/germangerken/airflow/dags/test_dag.py                                     1           0  0.42s           2022-06-10T14:14:02
/Users/germangerken/airflow/dags/spark_pipeline_dag.py                           1           0  0.42s           2022-06-10T14:14:01
================================================================================
[2022-06-10 17:14:33,333] {manager.py:809} INFO - 
================================================================================
DAG File Processing Stats

File Path                                               PID    Runtime      # DAGs    # Errors  Last Runtime    Last Run
------------------------------------------------------  -----  ---------  --------  ----------  --------------  -------------------
/Users/germangerken/airflow/dags/test_dag.py                                     1           0  0.43s           2022-06-10T14:14:31
/Users/germangerken/airflow/dags/spark_pipeline_dag.py                           1           0  0.36s           2022-06-10T14:14:33
================================================================================
[2022-06-10 17:15:04,029] {manager.py:809} INFO - 
================================================================================
DAG File Processing Stats

File Path                                               PID    Runtime      # DAGs    # Errors  Last Runtime    Last Run
------------------------------------------------------  -----  ---------  --------  ----------  --------------  -------------------
/Users/germangerken/airflow/dags/test_dag.py                                     1           0  0.42s           2022-06-10T14:15:04
/Users/germangerken/airflow/dags/spark_pipeline_dag.py                           1           0  0.42s           2022-06-10T14:15:02
================================================================================
[2022-06-10 17:17:41,063] {manager.py:480} INFO - Processing files using up to 1 processes at a time 
[2022-06-10 17:17:41,063] {manager.py:481} INFO - Process each file at most once every 30 seconds
[2022-06-10 17:17:41,063] {manager.py:482} INFO - Checking for new files in /Users/germangerken/airflow/dags every 300 seconds
[2022-06-10 17:17:41,063] {manager.py:690} INFO - Searching for files in /Users/germangerken/airflow/dags
[2022-06-10 17:17:41,063] {manager.py:693} INFO - There are 2 files in /Users/germangerken/airflow/dags
[2022-06-10 17:17:42,105] {manager.py:809} INFO - 
================================================================================
DAG File Processing Stats

File Path                                               PID    Runtime      # DAGs    # Errors  Last Runtime    Last Run
------------------------------------------------------  -----  ---------  --------  ----------  --------------  -------------------
/Users/germangerken/airflow/dags/spark_pipeline_dag.py                           0           0
/Users/germangerken/airflow/dags/test_dag.py                                     1           0  1.01s           2022-06-10T14:17:42
================================================================================
[2022-06-10 17:20:05,252] {manager.py:480} INFO - Processing files using up to 1 processes at a time 
[2022-06-10 17:20:05,252] {manager.py:481} INFO - Process each file at most once every 30 seconds
[2022-06-10 17:20:05,252] {manager.py:482} INFO - Checking for new files in /Users/germangerken/airflow/dags every 300 seconds
[2022-06-10 17:20:05,252] {manager.py:690} INFO - Searching for files in /Users/germangerken/airflow/dags
[2022-06-10 17:20:05,253] {manager.py:693} INFO - There are 2 files in /Users/germangerken/airflow/dags
[2022-06-10 17:20:05,773] {manager.py:809} INFO - 
================================================================================
DAG File Processing Stats

File Path                                               PID    Runtime      # DAGs    # Errors  Last Runtime    Last Run
------------------------------------------------------  -----  ---------  --------  ----------  --------------  -------------------
/Users/germangerken/airflow/dags/spark_pipeline_dag.py                           0           0
/Users/germangerken/airflow/dags/test_dag.py                                     1           0  0.50s           2022-06-10T14:20:05
================================================================================
[2022-06-10 17:20:36,321] {manager.py:809} INFO - 
================================================================================
DAG File Processing Stats

File Path                                               PID    Runtime      # DAGs    # Errors  Last Runtime    Last Run
------------------------------------------------------  -----  ---------  --------  ----------  --------------  -------------------
/Users/germangerken/airflow/dags/test_dag.py                                     1           0  0.42s           2022-06-10T14:20:36
/Users/germangerken/airflow/dags/spark_pipeline_dag.py                           1           0  0.42s           2022-06-10T14:20:35
================================================================================
[2022-06-10 17:21:06,583] {manager.py:809} INFO - 
================================================================================
DAG File Processing Stats

File Path                                               PID    Runtime      # DAGs    # Errors  Last Runtime    Last Run
------------------------------------------------------  -----  ---------  --------  ----------  --------------  -------------------
/Users/germangerken/airflow/dags/test_dag.py                                     1           0  0.42s           2022-06-10T14:21:05
/Users/germangerken/airflow/dags/spark_pipeline_dag.py                           1           0  0.43s           2022-06-10T14:21:06
================================================================================
[2022-06-10 17:21:38,001] {manager.py:809} INFO - 
================================================================================
DAG File Processing Stats

File Path                                               PID    Runtime      # DAGs    # Errors  Last Runtime    Last Run
------------------------------------------------------  -----  ---------  --------  ----------  --------------  -------------------
/Users/germangerken/airflow/dags/test_dag.py                                     1           0  0.42s           2022-06-10T14:21:38
/Users/germangerken/airflow/dags/spark_pipeline_dag.py                           1           0  0.42s           2022-06-10T14:21:36
================================================================================
[2022-06-10 17:22:09,152] {manager.py:809} INFO - 
================================================================================
DAG File Processing Stats

File Path                                               PID    Runtime      # DAGs    # Errors  Last Runtime    Last Run
------------------------------------------------------  -----  ---------  --------  ----------  --------------  -------------------
/Users/germangerken/airflow/dags/test_dag.py                                     1           0  0.42s           2022-06-10T14:22:07
/Users/germangerken/airflow/dags/spark_pipeline_dag.py                           1           0  0.43s           2022-06-10T14:22:09
================================================================================
[2022-06-10 17:22:39,795] {manager.py:809} INFO - 
================================================================================
DAG File Processing Stats

File Path                                               PID    Runtime      # DAGs    # Errors  Last Runtime    Last Run
------------------------------------------------------  -----  ---------  --------  ----------  --------------  -------------------
/Users/germangerken/airflow/dags/test_dag.py                                     1           0  0.38s           2022-06-10T14:22:38
/Users/germangerken/airflow/dags/spark_pipeline_dag.py                           1           0  0.42s           2022-06-10T14:22:39
================================================================================
[2022-06-10 17:23:10,892] {manager.py:809} INFO - 
================================================================================
DAG File Processing Stats

File Path                                               PID    Runtime      # DAGs    # Errors  Last Runtime    Last Run
------------------------------------------------------  -----  ---------  --------  ----------  --------------  -------------------
/Users/germangerken/airflow/dags/test_dag.py                                     1           0  0.42s           2022-06-10T14:23:09
/Users/germangerken/airflow/dags/spark_pipeline_dag.py                           1           0  0.42s           2022-06-10T14:23:10
================================================================================
[2022-06-10 17:23:41,086] {manager.py:809} INFO - 
================================================================================
DAG File Processing Stats

File Path                                               PID    Runtime      # DAGs    # Errors  Last Runtime    Last Run
------------------------------------------------------  -----  ---------  --------  ----------  --------------  -------------------
/Users/germangerken/airflow/dags/test_dag.py                                     1           0  0.42s           2022-06-10T14:23:41
/Users/germangerken/airflow/dags/spark_pipeline_dag.py                           1           0  0.43s           2022-06-10T14:23:39
================================================================================
[2022-06-10 17:24:12,429] {manager.py:809} INFO - 
================================================================================
DAG File Processing Stats

File Path                                               PID    Runtime      # DAGs    # Errors  Last Runtime    Last Run
------------------------------------------------------  -----  ---------  --------  ----------  --------------  -------------------
/Users/germangerken/airflow/dags/test_dag.py                                     1           0  0.43s           2022-06-10T14:24:10
/Users/germangerken/airflow/dags/spark_pipeline_dag.py                           1           0  0.43s           2022-06-10T14:24:12
================================================================================
[2022-06-10 17:24:43,432] {manager.py:809} INFO - 
================================================================================
DAG File Processing Stats

File Path                                               PID    Runtime      # DAGs    # Errors  Last Runtime    Last Run
------------------------------------------------------  -----  ---------  --------  ----------  --------------  -------------------
/Users/germangerken/airflow/dags/test_dag.py                                     1           0  0.42s           2022-06-10T14:24:42
/Users/germangerken/airflow/dags/spark_pipeline_dag.py                           1           0  0.38s           2022-06-10T14:24:43
================================================================================
