[2022-06-10 16:42:49,089] {processor.py:153} INFO - Started process (PID=11677) to work on /Users/germangerken/PycharmProjects/CyberBrainExs/venv/lib/python3.10/site-packages/airflow/example_dags/example_task_group_decorator.py
[2022-06-10 16:42:49,089] {processor.py:641} INFO - Processing file /Users/germangerken/PycharmProjects/CyberBrainExs/venv/lib/python3.10/site-packages/airflow/example_dags/example_task_group_decorator.py for tasks to queue
[2022-06-10 16:42:49,089] {logging_mixin.py:115} INFO - [2022-06-10 16:42:49,089] {dagbag.py:507} INFO - Filling up the DagBag from /Users/germangerken/PycharmProjects/CyberBrainExs/venv/lib/python3.10/site-packages/airflow/example_dags/example_task_group_decorator.py
[2022-06-10 16:42:49,102] {processor.py:651} INFO - DAG(s) dict_keys(['example_task_group_decorator']) retrieved from /Users/germangerken/PycharmProjects/CyberBrainExs/venv/lib/python3.10/site-packages/airflow/example_dags/example_task_group_decorator.py
[2022-06-10 16:42:49,367] {logging_mixin.py:115} INFO - [2022-06-10 16:42:49,367] {manager.py:508} INFO - Created Permission View: can edit on DAG:example_task_group_decorator
[2022-06-10 16:42:49,369] {logging_mixin.py:115} INFO - [2022-06-10 16:42:49,369] {manager.py:508} INFO - Created Permission View: can delete on DAG:example_task_group_decorator
[2022-06-10 16:42:49,371] {logging_mixin.py:115} INFO - [2022-06-10 16:42:49,371] {manager.py:508} INFO - Created Permission View: can read on DAG:example_task_group_decorator
[2022-06-10 16:42:49,371] {logging_mixin.py:115} INFO - [2022-06-10 16:42:49,371] {dag.py:2379} INFO - Sync 1 DAGs
[2022-06-10 16:42:49,373] {logging_mixin.py:115} INFO - [2022-06-10 16:42:49,373] {dag.py:2398} INFO - Creating ORM DAG for example_task_group_decorator
[2022-06-10 16:42:49,376] {logging_mixin.py:115} INFO - [2022-06-10 16:42:49,376] {dag.py:2927} INFO - Setting next_dagrun for example_task_group_decorator to 2022-06-09T13:42:49.376669+00:00, run_after=2022-06-10T13:42:49.376669+00:00
[2022-06-10 16:42:49,405] {processor.py:161} INFO - Processing /Users/germangerken/PycharmProjects/CyberBrainExs/venv/lib/python3.10/site-packages/airflow/example_dags/example_task_group_decorator.py took 0.316 seconds
[2022-06-10 16:43:38,947] {processor.py:153} INFO - Started process (PID=11785) to work on /Users/germangerken/PycharmProjects/CyberBrainExs/venv/lib/python3.10/site-packages/airflow/example_dags/example_task_group_decorator.py
[2022-06-10 16:43:38,947] {processor.py:641} INFO - Processing file /Users/germangerken/PycharmProjects/CyberBrainExs/venv/lib/python3.10/site-packages/airflow/example_dags/example_task_group_decorator.py for tasks to queue
[2022-06-10 16:43:38,947] {logging_mixin.py:115} INFO - [2022-06-10 16:43:38,947] {dagbag.py:507} INFO - Filling up the DagBag from /Users/germangerken/PycharmProjects/CyberBrainExs/venv/lib/python3.10/site-packages/airflow/example_dags/example_task_group_decorator.py
[2022-06-10 16:43:38,960] {processor.py:651} INFO - DAG(s) dict_keys(['example_task_group_decorator']) retrieved from /Users/germangerken/PycharmProjects/CyberBrainExs/venv/lib/python3.10/site-packages/airflow/example_dags/example_task_group_decorator.py
[2022-06-10 16:43:39,175] {logging_mixin.py:115} INFO - [2022-06-10 16:43:39,174] {dag.py:2379} INFO - Sync 1 DAGs
[2022-06-10 16:43:39,179] {logging_mixin.py:115} INFO - [2022-06-10 16:43:39,179] {dag.py:2927} INFO - Setting next_dagrun for example_task_group_decorator to 2022-06-09T13:43:39.179717+00:00, run_after=2022-06-10T13:43:39.179717+00:00
[2022-06-10 16:43:39,184] {processor.py:161} INFO - Processing /Users/germangerken/PycharmProjects/CyberBrainExs/venv/lib/python3.10/site-packages/airflow/example_dags/example_task_group_decorator.py took 0.237 seconds
[2022-06-10 16:44:21,366] {processor.py:153} INFO - Started process (PID=11887) to work on /Users/germangerken/PycharmProjects/CyberBrainExs/venv/lib/python3.10/site-packages/airflow/example_dags/example_task_group_decorator.py
[2022-06-10 16:44:21,367] {processor.py:641} INFO - Processing file /Users/germangerken/PycharmProjects/CyberBrainExs/venv/lib/python3.10/site-packages/airflow/example_dags/example_task_group_decorator.py for tasks to queue
[2022-06-10 16:44:21,367] {logging_mixin.py:115} INFO - [2022-06-10 16:44:21,367] {dagbag.py:507} INFO - Filling up the DagBag from /Users/germangerken/PycharmProjects/CyberBrainExs/venv/lib/python3.10/site-packages/airflow/example_dags/example_task_group_decorator.py
[2022-06-10 16:44:21,380] {processor.py:651} INFO - DAG(s) dict_keys(['example_task_group_decorator']) retrieved from /Users/germangerken/PycharmProjects/CyberBrainExs/venv/lib/python3.10/site-packages/airflow/example_dags/example_task_group_decorator.py
[2022-06-10 16:44:21,597] {logging_mixin.py:115} INFO - [2022-06-10 16:44:21,596] {dag.py:2379} INFO - Sync 1 DAGs
[2022-06-10 16:44:21,602] {logging_mixin.py:115} INFO - [2022-06-10 16:44:21,602] {dag.py:2927} INFO - Setting next_dagrun for example_task_group_decorator to 2022-06-09T13:44:21.602133+00:00, run_after=2022-06-10T13:44:21.602133+00:00
[2022-06-10 16:44:21,606] {processor.py:161} INFO - Processing /Users/germangerken/PycharmProjects/CyberBrainExs/venv/lib/python3.10/site-packages/airflow/example_dags/example_task_group_decorator.py took 0.240 seconds
