[2022-06-10 16:42:47,381] {processor.py:153} INFO - Started process (PID=11676) to work on /Users/germangerken/PycharmProjects/CyberBrainExs/venv/lib/python3.10/site-packages/airflow/example_dags/example_time_delta_sensor_async.py
[2022-06-10 16:42:47,381] {processor.py:641} INFO - Processing file /Users/germangerken/PycharmProjects/CyberBrainExs/venv/lib/python3.10/site-packages/airflow/example_dags/example_time_delta_sensor_async.py for tasks to queue
[2022-06-10 16:42:47,382] {logging_mixin.py:115} INFO - [2022-06-10 16:42:47,382] {dagbag.py:507} INFO - Filling up the DagBag from /Users/germangerken/PycharmProjects/CyberBrainExs/venv/lib/python3.10/site-packages/airflow/example_dags/example_time_delta_sensor_async.py
[2022-06-10 16:42:47,387] {processor.py:651} INFO - DAG(s) dict_keys(['example_time_delta_sensor_async']) retrieved from /Users/germangerken/PycharmProjects/CyberBrainExs/venv/lib/python3.10/site-packages/airflow/example_dags/example_time_delta_sensor_async.py
[2022-06-10 16:42:47,656] {logging_mixin.py:115} INFO - [2022-06-10 16:42:47,656] {manager.py:508} INFO - Created Permission View: can edit on DAG:example_time_delta_sensor_async
[2022-06-10 16:42:47,658] {logging_mixin.py:115} INFO - [2022-06-10 16:42:47,658] {manager.py:508} INFO - Created Permission View: can delete on DAG:example_time_delta_sensor_async
[2022-06-10 16:42:47,660] {logging_mixin.py:115} INFO - [2022-06-10 16:42:47,660] {manager.py:508} INFO - Created Permission View: can read on DAG:example_time_delta_sensor_async
[2022-06-10 16:42:47,660] {logging_mixin.py:115} INFO - [2022-06-10 16:42:47,660] {dag.py:2379} INFO - Sync 1 DAGs
[2022-06-10 16:42:47,663] {logging_mixin.py:115} INFO - [2022-06-10 16:42:47,662] {dag.py:2398} INFO - Creating ORM DAG for example_time_delta_sensor_async
[2022-06-10 16:42:47,665] {logging_mixin.py:115} INFO - [2022-06-10 16:42:47,665] {dag.py:2927} INFO - Setting next_dagrun for example_time_delta_sensor_async to None, run_after=None
[2022-06-10 16:42:47,669] {processor.py:161} INFO - Processing /Users/germangerken/PycharmProjects/CyberBrainExs/venv/lib/python3.10/site-packages/airflow/example_dags/example_time_delta_sensor_async.py took 0.288 seconds
[2022-06-10 16:43:37,555] {processor.py:153} INFO - Started process (PID=11784) to work on /Users/germangerken/PycharmProjects/CyberBrainExs/venv/lib/python3.10/site-packages/airflow/example_dags/example_time_delta_sensor_async.py
[2022-06-10 16:43:37,555] {processor.py:641} INFO - Processing file /Users/germangerken/PycharmProjects/CyberBrainExs/venv/lib/python3.10/site-packages/airflow/example_dags/example_time_delta_sensor_async.py for tasks to queue
[2022-06-10 16:43:37,555] {logging_mixin.py:115} INFO - [2022-06-10 16:43:37,555] {dagbag.py:507} INFO - Filling up the DagBag from /Users/germangerken/PycharmProjects/CyberBrainExs/venv/lib/python3.10/site-packages/airflow/example_dags/example_time_delta_sensor_async.py
[2022-06-10 16:43:37,560] {processor.py:651} INFO - DAG(s) dict_keys(['example_time_delta_sensor_async']) retrieved from /Users/germangerken/PycharmProjects/CyberBrainExs/venv/lib/python3.10/site-packages/airflow/example_dags/example_time_delta_sensor_async.py
[2022-06-10 16:43:37,580] {logging_mixin.py:115} INFO - [2022-06-10 16:43:37,580] {dag.py:2379} INFO - Sync 1 DAGs
[2022-06-10 16:43:37,585] {logging_mixin.py:115} INFO - [2022-06-10 16:43:37,585] {dag.py:2927} INFO - Setting next_dagrun for example_time_delta_sensor_async to None, run_after=None
[2022-06-10 16:43:37,588] {processor.py:161} INFO - Processing /Users/germangerken/PycharmProjects/CyberBrainExs/venv/lib/python3.10/site-packages/airflow/example_dags/example_time_delta_sensor_async.py took 0.034 seconds
[2022-06-10 16:44:19,969] {processor.py:153} INFO - Started process (PID=11882) to work on /Users/germangerken/PycharmProjects/CyberBrainExs/venv/lib/python3.10/site-packages/airflow/example_dags/example_time_delta_sensor_async.py
[2022-06-10 16:44:19,970] {processor.py:641} INFO - Processing file /Users/germangerken/PycharmProjects/CyberBrainExs/venv/lib/python3.10/site-packages/airflow/example_dags/example_time_delta_sensor_async.py for tasks to queue
[2022-06-10 16:44:19,970] {logging_mixin.py:115} INFO - [2022-06-10 16:44:19,970] {dagbag.py:507} INFO - Filling up the DagBag from /Users/germangerken/PycharmProjects/CyberBrainExs/venv/lib/python3.10/site-packages/airflow/example_dags/example_time_delta_sensor_async.py
[2022-06-10 16:44:19,975] {processor.py:651} INFO - DAG(s) dict_keys(['example_time_delta_sensor_async']) retrieved from /Users/germangerken/PycharmProjects/CyberBrainExs/venv/lib/python3.10/site-packages/airflow/example_dags/example_time_delta_sensor_async.py
[2022-06-10 16:44:19,996] {logging_mixin.py:115} INFO - [2022-06-10 16:44:19,996] {dag.py:2379} INFO - Sync 1 DAGs
[2022-06-10 16:44:20,000] {logging_mixin.py:115} INFO - [2022-06-10 16:44:20,000] {dag.py:2927} INFO - Setting next_dagrun for example_time_delta_sensor_async to None, run_after=None
[2022-06-10 16:44:20,003] {processor.py:161} INFO - Processing /Users/germangerken/PycharmProjects/CyberBrainExs/venv/lib/python3.10/site-packages/airflow/example_dags/example_time_delta_sensor_async.py took 0.035 seconds
