[2022-06-10 16:42:45,674] {processor.py:153} INFO - Started process (PID=11670) to work on /Users/germangerken/PycharmProjects/CyberBrainExs/venv/lib/python3.10/site-packages/airflow/example_dags/example_trigger_controller_dag.py
[2022-06-10 16:42:45,674] {processor.py:641} INFO - Processing file /Users/germangerken/PycharmProjects/CyberBrainExs/venv/lib/python3.10/site-packages/airflow/example_dags/example_trigger_controller_dag.py for tasks to queue
[2022-06-10 16:42:45,674] {logging_mixin.py:115} INFO - [2022-06-10 16:42:45,674] {dagbag.py:507} INFO - Filling up the DagBag from /Users/germangerken/PycharmProjects/CyberBrainExs/venv/lib/python3.10/site-packages/airflow/example_dags/example_trigger_controller_dag.py
[2022-06-10 16:42:45,678] {processor.py:651} INFO - DAG(s) dict_keys(['example_trigger_controller_dag']) retrieved from /Users/germangerken/PycharmProjects/CyberBrainExs/venv/lib/python3.10/site-packages/airflow/example_dags/example_trigger_controller_dag.py
[2022-06-10 16:42:45,945] {logging_mixin.py:115} INFO - [2022-06-10 16:42:45,945] {manager.py:508} INFO - Created Permission View: can delete on DAG:example_trigger_controller_dag
[2022-06-10 16:42:45,948] {logging_mixin.py:115} INFO - [2022-06-10 16:42:45,948] {manager.py:508} INFO - Created Permission View: can read on DAG:example_trigger_controller_dag
[2022-06-10 16:42:45,949] {logging_mixin.py:115} INFO - [2022-06-10 16:42:45,949] {manager.py:508} INFO - Created Permission View: can edit on DAG:example_trigger_controller_dag
[2022-06-10 16:42:45,950] {logging_mixin.py:115} INFO - [2022-06-10 16:42:45,949] {dag.py:2379} INFO - Sync 1 DAGs
[2022-06-10 16:42:45,952] {logging_mixin.py:115} INFO - [2022-06-10 16:42:45,952] {dag.py:2398} INFO - Creating ORM DAG for example_trigger_controller_dag
[2022-06-10 16:42:45,954] {logging_mixin.py:115} INFO - [2022-06-10 16:42:45,954] {dag.py:2927} INFO - Setting next_dagrun for example_trigger_controller_dag to 2021-01-01T00:00:00+00:00, run_after=2021-01-01T00:00:00+00:00
[2022-06-10 16:42:45,959] {processor.py:161} INFO - Processing /Users/germangerken/PycharmProjects/CyberBrainExs/venv/lib/python3.10/site-packages/airflow/example_dags/example_trigger_controller_dag.py took 0.285 seconds
[2022-06-10 16:43:36,163] {processor.py:153} INFO - Started process (PID=11782) to work on /Users/germangerken/PycharmProjects/CyberBrainExs/venv/lib/python3.10/site-packages/airflow/example_dags/example_trigger_controller_dag.py
[2022-06-10 16:43:36,164] {processor.py:641} INFO - Processing file /Users/germangerken/PycharmProjects/CyberBrainExs/venv/lib/python3.10/site-packages/airflow/example_dags/example_trigger_controller_dag.py for tasks to queue
[2022-06-10 16:43:36,164] {logging_mixin.py:115} INFO - [2022-06-10 16:43:36,164] {dagbag.py:507} INFO - Filling up the DagBag from /Users/germangerken/PycharmProjects/CyberBrainExs/venv/lib/python3.10/site-packages/airflow/example_dags/example_trigger_controller_dag.py
[2022-06-10 16:43:36,168] {processor.py:651} INFO - DAG(s) dict_keys(['example_trigger_controller_dag']) retrieved from /Users/germangerken/PycharmProjects/CyberBrainExs/venv/lib/python3.10/site-packages/airflow/example_dags/example_trigger_controller_dag.py
[2022-06-10 16:43:36,187] {logging_mixin.py:115} INFO - [2022-06-10 16:43:36,187] {dag.py:2379} INFO - Sync 1 DAGs
[2022-06-10 16:43:36,191] {logging_mixin.py:115} INFO - [2022-06-10 16:43:36,191] {dag.py:2927} INFO - Setting next_dagrun for example_trigger_controller_dag to 2021-01-01T00:00:00+00:00, run_after=2021-01-01T00:00:00+00:00
[2022-06-10 16:43:36,195] {processor.py:161} INFO - Processing /Users/germangerken/PycharmProjects/CyberBrainExs/venv/lib/python3.10/site-packages/airflow/example_dags/example_trigger_controller_dag.py took 0.032 seconds
[2022-06-10 16:44:18,571] {processor.py:153} INFO - Started process (PID=11880) to work on /Users/germangerken/PycharmProjects/CyberBrainExs/venv/lib/python3.10/site-packages/airflow/example_dags/example_trigger_controller_dag.py
[2022-06-10 16:44:18,572] {processor.py:641} INFO - Processing file /Users/germangerken/PycharmProjects/CyberBrainExs/venv/lib/python3.10/site-packages/airflow/example_dags/example_trigger_controller_dag.py for tasks to queue
[2022-06-10 16:44:18,572] {logging_mixin.py:115} INFO - [2022-06-10 16:44:18,572] {dagbag.py:507} INFO - Filling up the DagBag from /Users/germangerken/PycharmProjects/CyberBrainExs/venv/lib/python3.10/site-packages/airflow/example_dags/example_trigger_controller_dag.py
[2022-06-10 16:44:18,577] {processor.py:651} INFO - DAG(s) dict_keys(['example_trigger_controller_dag']) retrieved from /Users/germangerken/PycharmProjects/CyberBrainExs/venv/lib/python3.10/site-packages/airflow/example_dags/example_trigger_controller_dag.py
[2022-06-10 16:44:18,597] {logging_mixin.py:115} INFO - [2022-06-10 16:44:18,597] {dag.py:2379} INFO - Sync 1 DAGs
[2022-06-10 16:44:18,602] {logging_mixin.py:115} INFO - [2022-06-10 16:44:18,602] {dag.py:2927} INFO - Setting next_dagrun for example_trigger_controller_dag to 2021-01-01T00:00:00+00:00, run_after=2021-01-01T00:00:00+00:00
[2022-06-10 16:44:18,606] {processor.py:161} INFO - Processing /Users/germangerken/PycharmProjects/CyberBrainExs/venv/lib/python3.10/site-packages/airflow/example_dags/example_trigger_controller_dag.py took 0.035 seconds
